Arguments: 
  /usr/bin/nodejs /usr/share/yarn/bin/yarn.js add jquery --save --no-bin-links

PATH: 
  /home/vagrant/.composer/vendor/bin:/home/vagrant/bin:/home/vagrant/.local/bin:/usr/local/sbin:/usr/local/bin:/usr/sbin:/usr/bin:/sbin:/bin:/usr/games:/usr/local/games:/snap/bin

Yarn version: 
  0.18.1

Node version: 
  6.9.1

Platform: 
  linux x64

npm manifest: 
  {
    "private": true,
    "devDependencies": {
      "gulp": "^3.8.8"
    },
    "dependencies": {
      "laravel-elixir": "^4.0.0",
      "bootstrap-sass": "^3.0.0"
    }
  }

yarn manifest: 
  No manifest

Lockfile: 
  No lockfile

Trace: 
  Error: http://registry.npm.taobao.org/caniuse-db/download/caniuse-db-1.0.30000705.tgz: Request failed "500 Internal Server Error"
      at Request.handleRequestError (/usr/share/yarn/lib/fetchers/tarball-fetcher.js:231:20)
      at emitOne (events.js:96:13)
      at Request.emit (events.js:188:7)
      at Request.onRequestResponse (/usr/share/yarn/node_modules/request/request.js:986:10)
      at emitOne (events.js:96:13)
      at ClientRequest.emit (events.js:188:7)
      at HTTPParser.parserOnIncomingClient (_http_client.js:474:21)
      at HTTPParser.parserOnHeadersComplete (_http_common.js:99:23)
      at Socket.socketOnData (_http_client.js:363:20)
      at emitOne (events.js:96:13)
